{"numTotalTestSuites":197,"numPassedTestSuites":197,"numFailedTestSuites":0,"numPendingTestSuites":0,"numTotalTests":459,"numPassedTests":458,"numFailedTests":0,"numPendingTests":1,"numTodoTests":0,"snapshot":{"added":0,"failure":false,"filesAdded":0,"filesRemoved":0,"filesRemovedList":[],"filesUnmatched":0,"filesUpdated":0,"matched":0,"total":0,"unchecked":0,"uncheckedKeysByFile":[],"unmatched":0,"updated":0,"didUpdate":false},"startTime":1769136331936,"success":true,"testResults":[{"assertionResults":[{"ancestorTitles":["ServiceName","constructor"],"fullName":"ServiceName constructor should create instance with dependencies","status":"passed","title":"should create instance with dependencies","duration":5.975000000000023,"failureMessages":[],"meta":{}},{"ancestorTitles":["ServiceName","methodName","success cases"],"fullName":"ServiceName methodName success cases should handle normal input","status":"passed","title":"should handle normal input","duration":0.9596000000000231,"failureMessages":[],"meta":{}},{"ancestorTitles":["ServiceName","methodName","success cases"],"fullName":"ServiceName methodName success cases should handle edge case","status":"passed","title":"should handle edge case","duration":0.6000000000000227,"failureMessages":[],"meta":{}},{"ancestorTitles":["ServiceName","methodName","error cases"],"fullName":"ServiceName methodName error cases should throw error when invalid input","status":"passed","title":"should throw error when invalid input","duration":0.5979999999999563,"failureMessages":[],"meta":{}},{"ancestorTitles":["ServiceName","with custom mocks"],"fullName":"ServiceName with custom mocks should work with custom file system mock","status":"passed","title":"should work with custom file system mock","duration":1.2794000000000096,"failureMessages":[],"meta":{}},{"ancestorTitles":["ServiceName","with custom mocks"],"fullName":"ServiceName with custom mocks should work with custom provider responses","status":"passed","title":"should work with custom provider responses","duration":0.7237999999999829,"failureMessages":[],"meta":{}},{"ancestorTitles":["ServiceName Integration"],"fullName":"ServiceName Integration should work with real dependencies","status":"skipped","title":"should work with real dependencies","failureMessages":[],"meta":{}}],"startTime":1769136333244,"endTime":1769136333255.7239,"status":"passed","message":"","name":"C:/GIT/GuideGen/tests/unit/_template.test.ts"},{"assertionResults":[{"ancestorTitles":["ValidationError","constructor"],"fullName":"ValidationError constructor should create error with message","status":"passed","title":"should create error with message","duration":2.726099999999974,"failureMessages":[],"meta":{}},{"ancestorTitles":["ValidationError","constructor"],"fullName":"ValidationError constructor should create error with details","status":"passed","title":"should create error with details","duration":0.9995000000000118,"failureMessages":[],"meta":{}},{"ancestorTitles":["ValidationError","constructor"],"fullName":"ValidationError constructor should create error with field name","status":"passed","title":"should create error with field name","duration":0.16219999999998436,"failureMessages":[],"meta":{}},{"ancestorTitles":["ValidationError","constructor"],"fullName":"ValidationError constructor should have timestamp","status":"passed","title":"should have timestamp","duration":0.22100000000000364,"failureMessages":[],"meta":{}},{"ancestorTitles":["ValidationError","toJSON"],"fullName":"ValidationError toJSON should serialize to JSON","status":"passed","title":"should serialize to JSON","duration":8.193399999999997,"failureMessages":[],"meta":{}},{"ancestorTitles":["ValidationError","inheritance"],"fullName":"ValidationError inheritance should be instance of Error","status":"passed","title":"should be instance of Error","duration":0.16640000000006694,"failureMessages":[],"meta":{}},{"ancestorTitles":["ValidationError","inheritance"],"fullName":"ValidationError inheritance should have stack trace","status":"passed","title":"should have stack trace","duration":0.9244999999999663,"failureMessages":[],"meta":{}},{"ancestorTitles":["FileOperationError","constructor"],"fullName":"FileOperationError constructor should create error with all properties","status":"passed","title":"should create error with all properties","duration":0.5928000000000111,"failureMessages":[],"meta":{}},{"ancestorTitles":["FileOperationError","constructor"],"fullName":"FileOperationError constructor should accept all operation types","status":"passed","title":"should accept all operation types","duration":0.5229999999999109,"failureMessages":[],"meta":{}},{"ancestorTitles":["FileOperationError","constructor"],"fullName":"FileOperationError constructor should work without cause","status":"passed","title":"should work without cause","duration":0.300200000000018,"failureMessages":[],"meta":{}},{"ancestorTitles":["FileOperationError","toJSON"],"fullName":"FileOperationError toJSON should serialize to JSON with cause","status":"passed","title":"should serialize to JSON with cause","duration":0.5382999999999356,"failureMessages":[],"meta":{}},{"ancestorTitles":["FileOperationError","toJSON"],"fullName":"FileOperationError toJSON should serialize to JSON without cause","status":"passed","title":"should serialize to JSON without cause","duration":0.37180000000000746,"failureMessages":[],"meta":{}},{"ancestorTitles":["ProviderError","constructor"],"fullName":"ProviderError constructor should create error with all properties","status":"passed","title":"should create error with all properties","duration":0.37580000000002656,"failureMessages":[],"meta":{}},{"ancestorTitles":["ProviderError","constructor"],"fullName":"ProviderError constructor should default retryable to false","status":"passed","title":"should default retryable to false","duration":0.12369999999998527,"failureMessages":[],"meta":{}},{"ancestorTitles":["ProviderError","constructor"],"fullName":"ProviderError constructor should accept optional parameters","status":"passed","title":"should accept optional parameters","duration":0.15009999999995216,"failureMessages":[],"meta":{}},{"ancestorTitles":["ProviderError","toJSON"],"fullName":"ProviderError toJSON should serialize all properties","status":"passed","title":"should serialize all properties","duration":0.4057999999999993,"failureMessages":[],"meta":{}},{"ancestorTitles":["PhaseExecutionError","constructor"],"fullName":"PhaseExecutionError constructor should create error with all properties","status":"passed","title":"should create error with all properties","duration":0.3994999999999891,"failureMessages":[],"meta":{}},{"ancestorTitles":["PhaseExecutionError","constructor"],"fullName":"PhaseExecutionError constructor should default recoverable to false","status":"passed","title":"should default recoverable to false","duration":0.19009999999991578,"failureMessages":[],"meta":{}},{"ancestorTitles":["PhaseExecutionError","toJSON"],"fullName":"PhaseExecutionError toJSON should serialize all properties","status":"passed","title":"should serialize all properties","duration":0.45860000000004675,"failureMessages":[],"meta":{}},{"ancestorTitles":["ConfigurationError","constructor"],"fullName":"ConfigurationError constructor should create error with all properties","status":"passed","title":"should create error with all properties","duration":0.3928999999999405,"failureMessages":[],"meta":{}},{"ancestorTitles":["ConfigurationError","constructor"],"fullName":"ConfigurationError constructor should work with minimal parameters","status":"passed","title":"should work with minimal parameters","duration":0.20190000000002328,"failureMessages":[],"meta":{}},{"ancestorTitles":["ConfigurationError","toJSON"],"fullName":"ConfigurationError toJSON should serialize all properties","status":"passed","title":"should serialize all properties","duration":0.5162000000000262,"failureMessages":[],"meta":{}},{"ancestorTitles":["RateLimitError","constructor"],"fullName":"RateLimitError constructor should create error with all properties","status":"passed","title":"should create error with all properties","duration":0.26949999999999363,"failureMessages":[],"meta":{}},{"ancestorTitles":["RateLimitError","constructor"],"fullName":"RateLimitError constructor should work without retryAfter","status":"passed","title":"should work without retryAfter","duration":0.1672000000000935,"failureMessages":[],"meta":{}},{"ancestorTitles":["RateLimitError","toJSON"],"fullName":"RateLimitError toJSON should serialize all properties","status":"passed","title":"should serialize all properties","duration":0.42430000000001655,"failureMessages":[],"meta":{}},{"ancestorTitles":["PathTraversalError","constructor"],"fullName":"PathTraversalError constructor should create error with all properties","status":"passed","title":"should create error with all properties","duration":0.26699999999993906,"failureMessages":[],"meta":{}},{"ancestorTitles":["PathTraversalError","toJSON"],"fullName":"PathTraversalError toJSON should serialize all properties","status":"passed","title":"should serialize all properties","duration":0.3831000000000131,"failureMessages":[],"meta":{}},{"ancestorTitles":["Helper Functions","getErrorMessage"],"fullName":"Helper Functions getErrorMessage should extract message from Error","status":"passed","title":"should extract message from Error","duration":0.15679999999997563,"failureMessages":[],"meta":{}},{"ancestorTitles":["Helper Functions","getErrorMessage"],"fullName":"Helper Functions getErrorMessage should extract message from GuideGenError","status":"passed","title":"should extract message from GuideGenError","duration":0.2536999999999807,"failureMessages":[],"meta":{}},{"ancestorTitles":["Helper Functions","getErrorMessage"],"fullName":"Helper Functions getErrorMessage should return string directly","status":"passed","title":"should return string directly","duration":0.15470000000004802,"failureMessages":[],"meta":{}},{"ancestorTitles":["Helper Functions","getErrorMessage"],"fullName":"Helper Functions getErrorMessage should convert other types to string","status":"passed","title":"should convert other types to string","duration":0.23879999999996926,"failureMessages":[],"meta":{}},{"ancestorTitles":["Helper Functions","wrapError"],"fullName":"Helper Functions wrapError should return GuideGenError unchanged","status":"passed","title":"should return GuideGenError unchanged","duration":0.2460999999999558,"failureMessages":[],"meta":{}},{"ancestorTitles":["Helper Functions","wrapError"],"fullName":"Helper Functions wrapError should wrap regular Error with context","status":"passed","title":"should wrap regular Error with context","duration":0.1568000000000893,"failureMessages":[],"meta":{}},{"ancestorTitles":["Helper Functions","wrapError"],"fullName":"Helper Functions wrapError should wrap string with context","status":"passed","title":"should wrap string with context","duration":0.1269999999999527,"failureMessages":[],"meta":{}},{"ancestorTitles":["Helper Functions","wrapError"],"fullName":"Helper Functions wrapError should wrap other types with context","status":"passed","title":"should wrap other types with context","duration":0.13580000000001746,"failureMessages":[],"meta":{}},{"ancestorTitles":["Helper Functions","isGuideGenError"],"fullName":"Helper Functions isGuideGenError should return true for GuideGenError instances","status":"passed","title":"should return true for GuideGenError instances","duration":0.5155000000000882,"failureMessages":[],"meta":{}},{"ancestorTitles":["Helper Functions","isGuideGenError"],"fullName":"Helper Functions isGuideGenError should return false for regular Error","status":"passed","title":"should return false for regular Error","duration":0.13660000000004402,"failureMessages":[],"meta":{}},{"ancestorTitles":["Helper Functions","isGuideGenError"],"fullName":"Helper Functions isGuideGenError should return false for non-errors","status":"passed","title":"should return false for non-errors","duration":0.1814000000000533,"failureMessages":[],"meta":{}},{"ancestorTitles":["Error Codes"],"fullName":"Error Codes should have unique error codes","status":"passed","title":"should have unique error codes","duration":0.2805000000000746,"failureMessages":[],"meta":{}},{"ancestorTitles":["Error Codes"],"fullName":"Error Codes should have descriptive error codes","status":"passed","title":"should have descriptive error codes","duration":0.8126999999999498,"failureMessages":[],"meta":{}},{"ancestorTitles":["Error Names"],"fullName":"Error Names should have correct error names","status":"passed","title":"should have correct error names","duration":0.799199999999928,"failureMessages":[],"meta":{}}],"startTime":1769136333037,"endTime":1769136333063.7993,"status":"passed","message":"","name":"C:/GIT/GuideGen/tests/unit/errors/errors.test.ts"},{"assertionResults":[{"ancestorTitles":["AnthropicClient","constructor"],"fullName":"AnthropicClient constructor should initialize with provided config","status":"passed","title":"should initialize with provided config","duration":1.8204000000000633,"failureMessages":[],"meta":{}},{"ancestorTitles":["AnthropicClient","constructor"],"fullName":"AnthropicClient constructor should use standard depth by default","status":"passed","title":"should use standard depth by default","duration":0.3043999999999869,"failureMessages":[],"meta":{}},{"ancestorTitles":["AnthropicClient","constructor"],"fullName":"AnthropicClient constructor should accept custom depth","status":"passed","title":"should accept custom depth","duration":0.16210000000000946,"failureMessages":[],"meta":{}},{"ancestorTitles":["AnthropicClient","setDepth()"],"fullName":"AnthropicClient setDepth() should update depth","status":"passed","title":"should update depth","duration":0.15160000000014406,"failureMessages":[],"meta":{}},{"ancestorTitles":["AnthropicClient","setDepth()"],"fullName":"AnthropicClient setDepth() should accept all valid depth values","status":"passed","title":"should accept all valid depth values","duration":0.11850000000004002,"failureMessages":[],"meta":{}},{"ancestorTitles":["AnthropicClient","getModelType()"],"fullName":"AnthropicClient getModelType() should return standard for Anthropic models","status":"passed","title":"should return standard for Anthropic models","duration":0.1289999999999054,"failureMessages":[],"meta":{}},{"ancestorTitles":["AnthropicClient","complete()"],"fullName":"AnthropicClient complete() should call API with correct parameters","status":"passed","title":"should call API with correct parameters","duration":2.124900000000025,"failureMessages":[],"meta":{}},{"ancestorTitles":["AnthropicClient","complete()"],"fullName":"AnthropicClient complete() should use custom depth when provided","status":"passed","title":"should use custom depth when provided","duration":1.7302999999999429,"failureMessages":[],"meta":{}},{"ancestorTitles":["AnthropicClient","complete()"],"fullName":"AnthropicClient complete() should use custom maxTokens when provided","status":"passed","title":"should use custom maxTokens when provided","duration":0.345299999999952,"failureMessages":[],"meta":{}},{"ancestorTitles":["AnthropicClient","complete()"],"fullName":"AnthropicClient complete() should throw error for non-text response","status":"passed","title":"should throw error for non-text response","duration":1.6377999999999702,"failureMessages":[],"meta":{}},{"ancestorTitles":["AnthropicClient","complete()"],"fullName":"AnthropicClient complete() should handle model decommissioned error","status":"passed","title":"should handle model decommissioned error","duration":0.38269999999988613,"failureMessages":[],"meta":{}},{"ancestorTitles":["AnthropicClient","complete()"],"fullName":"AnthropicClient complete() should handle decommissioned error in message","status":"passed","title":"should handle decommissioned error in message","duration":0.2704999999998563,"failureMessages":[],"meta":{}},{"ancestorTitles":["AnthropicClient","complete()"],"fullName":"AnthropicClient complete() should handle invalid_request_error type","status":"passed","title":"should handle invalid_request_error type","duration":0.2563999999999851,"failureMessages":[],"meta":{}},{"ancestorTitles":["AnthropicClient","complete()"],"fullName":"AnthropicClient complete() should propagate other errors","status":"passed","title":"should propagate other errors","duration":0.223700000000008,"failureMessages":[],"meta":{}},{"ancestorTitles":["AnthropicClient","completeWithJson()"],"fullName":"AnthropicClient completeWithJson() should parse clean JSON response","status":"passed","title":"should parse clean JSON response","duration":0.4032999999999447,"failureMessages":[],"meta":{}},{"ancestorTitles":["AnthropicClient","completeWithJson()"],"fullName":"AnthropicClient completeWithJson() should parse JSON from markdown code block","status":"passed","title":"should parse JSON from markdown code block","duration":0.20900000000006003,"failureMessages":[],"meta":{}},{"ancestorTitles":["AnthropicClient","completeWithJson()"],"fullName":"AnthropicClient completeWithJson() should parse JSON from code block without language","status":"passed","title":"should parse JSON from code block without language","duration":0.20109999999999673,"failureMessages":[],"meta":{}},{"ancestorTitles":["AnthropicClient","completeWithJson()"],"fullName":"AnthropicClient completeWithJson() should handle whitespace around JSON","status":"passed","title":"should handle whitespace around JSON","duration":0.17470000000002983,"failureMessages":[],"meta":{}},{"ancestorTitles":["AnthropicClient","completeWithJson()"],"fullName":"AnthropicClient completeWithJson() should throw error for invalid JSON","status":"passed","title":"should throw error for invalid JSON","duration":0.26289999999994507,"failureMessages":[],"meta":{}},{"ancestorTitles":["AnthropicClient","completeWithJson()"],"fullName":"AnthropicClient completeWithJson() should include JSON instruction in system prompt","status":"passed","title":"should include JSON instruction in system prompt","duration":0.37750000000005457,"failureMessages":[],"meta":{}},{"ancestorTitles":["AnthropicClient","completeWithJson()"],"fullName":"AnthropicClient completeWithJson() should parse complex nested JSON","status":"passed","title":"should parse complex nested JSON","duration":0.2618999999999687,"failureMessages":[],"meta":{}},{"ancestorTitles":["AnthropicClient","sendMessage()"],"fullName":"AnthropicClient sendMessage() should return content in expected format","status":"passed","title":"should return content in expected format","duration":0.24690000000009604,"failureMessages":[],"meta":{}},{"ancestorTitles":["AnthropicClient","sendMessage()"],"fullName":"AnthropicClient sendMessage() should accept custom options","status":"passed","title":"should accept custom options","duration":0.2642000000000735,"failureMessages":[],"meta":{}},{"ancestorTitles":["AnthropicClient","sendMessage()"],"fullName":"AnthropicClient sendMessage() should propagate errors from complete()","status":"passed","title":"should propagate errors from complete()","duration":0.26320000000009713,"failureMessages":[],"meta":{}}],"startTime":1769136333386,"endTime":1769136333399.2632,"status":"passed","message":"","name":"C:/GIT/GuideGen/tests/unit/providers/anthropic.test.ts"},{"assertionResults":[{"ancestorTitles":["GroqClient","constructor"],"fullName":"GroqClient constructor should initialize with provided config","status":"passed","title":"should initialize with provided config","duration":1.8480999999999312,"failureMessages":[],"meta":{}},{"ancestorTitles":["GroqClient","constructor"],"fullName":"GroqClient constructor should use standard depth by default","status":"passed","title":"should use standard depth by default","duration":0.3223000000000411,"failureMessages":[],"meta":{}},{"ancestorTitles":["GroqClient","constructor"],"fullName":"GroqClient constructor should accept custom depth","status":"passed","title":"should accept custom depth","duration":0.16729999999984102,"failureMessages":[],"meta":{}},{"ancestorTitles":["GroqClient","setDepth()"],"fullName":"GroqClient setDepth() should update depth","status":"passed","title":"should update depth","duration":0.16350000000011278,"failureMessages":[],"meta":{}},{"ancestorTitles":["GroqClient","setDepth()"],"fullName":"GroqClient setDepth() should accept all valid depth values","status":"passed","title":"should accept all valid depth values","duration":0.12830000000008113,"failureMessages":[],"meta":{}},{"ancestorTitles":["GroqClient","getModelType()"],"fullName":"GroqClient getModelType() should return standard for Groq models","status":"passed","title":"should return standard for Groq models","duration":0.13170000000013715,"failureMessages":[],"meta":{}},{"ancestorTitles":["GroqClient","complete()"],"fullName":"GroqClient complete() should call API with correct parameters","status":"passed","title":"should call API with correct parameters","duration":2.260300000000143,"failureMessages":[],"meta":{}},{"ancestorTitles":["GroqClient","complete()"],"fullName":"GroqClient complete() should use custom depth when provided","status":"passed","title":"should use custom depth when provided","duration":1.678000000000111,"failureMessages":[],"meta":{}},{"ancestorTitles":["GroqClient","complete()"],"fullName":"GroqClient complete() should use custom maxTokens when provided","status":"passed","title":"should use custom maxTokens when provided","duration":0.42219999999997526,"failureMessages":[],"meta":{}},{"ancestorTitles":["GroqClient","complete()"],"fullName":"GroqClient complete() should use low temperature for consistent analysis","status":"passed","title":"should use low temperature for consistent analysis","duration":0.26129999999989195,"failureMessages":[],"meta":{}},{"ancestorTitles":["GroqClient","complete()"],"fullName":"GroqClient complete() should throw error when no choices in response","status":"passed","title":"should throw error when no choices in response","duration":1.646099999999933,"failureMessages":[],"meta":{}},{"ancestorTitles":["GroqClient","complete()"],"fullName":"GroqClient complete() should throw error when no message in choice","status":"passed","title":"should throw error when no message in choice","duration":0.3220000000001164,"failureMessages":[],"meta":{}},{"ancestorTitles":["GroqClient","complete()"],"fullName":"GroqClient complete() should throw error when no content in message","status":"passed","title":"should throw error when no content in message","duration":0.2535000000000309,"failureMessages":[],"meta":{}},{"ancestorTitles":["GroqClient","complete()"],"fullName":"GroqClient complete() should handle model decommissioned error","status":"passed","title":"should handle model decommissioned error","duration":0.3183999999998832,"failureMessages":[],"meta":{}},{"ancestorTitles":["GroqClient","complete()"],"fullName":"GroqClient complete() should handle decommissioned error in message","status":"passed","title":"should handle decommissioned error in message","duration":0.35130000000003747,"failureMessages":[],"meta":{}},{"ancestorTitles":["GroqClient","complete()"],"fullName":"GroqClient complete() should handle no longer supported error","status":"passed","title":"should handle no longer supported error","duration":0.24620000000004438,"failureMessages":[],"meta":{}},{"ancestorTitles":["GroqClient","complete()"],"fullName":"GroqClient complete() should propagate other errors","status":"passed","title":"should propagate other errors","duration":0.33150000000000546,"failureMessages":[],"meta":{}},{"ancestorTitles":["GroqClient","completeWithJson()"],"fullName":"GroqClient completeWithJson() should parse clean JSON response","status":"passed","title":"should parse clean JSON response","duration":0.37259999999992033,"failureMessages":[],"meta":{}},{"ancestorTitles":["GroqClient","completeWithJson()"],"fullName":"GroqClient completeWithJson() should parse JSON from markdown code block","status":"passed","title":"should parse JSON from markdown code block","duration":0.2039999999999509,"failureMessages":[],"meta":{}},{"ancestorTitles":["GroqClient","completeWithJson()"],"fullName":"GroqClient completeWithJson() should parse JSON from code block without language","status":"passed","title":"should parse JSON from code block without language","duration":0.179300000000012,"failureMessages":[],"meta":{}},{"ancestorTitles":["GroqClient","completeWithJson()"],"fullName":"GroqClient completeWithJson() should handle whitespace around JSON","status":"passed","title":"should handle whitespace around JSON","duration":0.18010000000003856,"failureMessages":[],"meta":{}},{"ancestorTitles":["GroqClient","completeWithJson()"],"fullName":"GroqClient completeWithJson() should throw error for invalid JSON","status":"passed","title":"should throw error for invalid JSON","duration":0.2746999999999389,"failureMessages":[],"meta":{}},{"ancestorTitles":["GroqClient","completeWithJson()"],"fullName":"GroqClient completeWithJson() should include JSON instruction in system prompt","status":"passed","title":"should include JSON instruction in system prompt","duration":0.6679999999998927,"failureMessages":[],"meta":{}},{"ancestorTitles":["GroqClient","completeWithJson()"],"fullName":"GroqClient completeWithJson() should parse complex nested JSON","status":"passed","title":"should parse complex nested JSON","duration":0.2966999999998734,"failureMessages":[],"meta":{}},{"ancestorTitles":["GroqClient","completeWithJson()"],"fullName":"GroqClient completeWithJson() should parse array JSON response","status":"passed","title":"should parse array JSON response","duration":0.19440000000008695,"failureMessages":[],"meta":{}},{"ancestorTitles":["GroqClient","sendMessage()"],"fullName":"GroqClient sendMessage() should return content in expected format","status":"passed","title":"should return content in expected format","duration":0.19430000000011205,"failureMessages":[],"meta":{}},{"ancestorTitles":["GroqClient","sendMessage()"],"fullName":"GroqClient sendMessage() should accept custom options","status":"passed","title":"should accept custom options","duration":0.256099999999833,"failureMessages":[],"meta":{}},{"ancestorTitles":["GroqClient","sendMessage()"],"fullName":"GroqClient sendMessage() should propagate errors from complete()","status":"passed","title":"should propagate errors from complete()","duration":0.27799999999979264,"failureMessages":[],"meta":{}}],"startTime":1769136333380,"endTime":1769136333394.278,"status":"passed","message":"","name":"C:/GIT/GuideGen/tests/unit/providers/groq.test.ts"},{"assertionResults":[{"ancestorTitles":["RateLimiter","constructor"],"fullName":"RateLimiter constructor should create with default values","status":"passed","title":"should create with default values","duration":2.4195000000000846,"failureMessages":[],"meta":{}},{"ancestorTitles":["RateLimiter","constructor"],"fullName":"RateLimiter constructor should create with custom values","status":"passed","title":"should create with custom values","duration":0.2113000000000511,"failureMessages":[],"meta":{}},{"ancestorTitles":["RateLimiter","throttle"],"fullName":"RateLimiter throttle should execute function and return result","status":"passed","title":"should execute function and return result","duration":0.5919999999999845,"failureMessages":[],"meta":{}},{"ancestorTitles":["RateLimiter","throttle"],"fullName":"RateLimiter throttle should execute async function","status":"passed","title":"should execute async function","duration":13.097299999999905,"failureMessages":[],"meta":{}},{"ancestorTitles":["RateLimiter","throttle"],"fullName":"RateLimiter throttle should propagate errors","status":"passed","title":"should propagate errors","duration":2.794200000000046,"failureMessages":[],"meta":{}},{"ancestorTitles":["RateLimiter","throttle"],"fullName":"RateLimiter throttle should execute multiple requests","status":"passed","title":"should execute multiple requests","duration":215.17689999999993,"failureMessages":[],"meta":{}},{"ancestorTitles":["RateLimiter","throttle"],"fullName":"RateLimiter throttle should respect concurrency limit","status":"passed","title":"should respect concurrency limit","duration":137.82690000000002,"failureMessages":[],"meta":{}},{"ancestorTitles":["RateLimiter","throttle"],"fullName":"RateLimiter throttle should handle different return types","status":"passed","title":"should handle different return types","duration":328.1861999999999,"failureMessages":[],"meta":{}},{"ancestorTitles":["RateLimiter","setMaxConcurrent"],"fullName":"RateLimiter setMaxConcurrent should update max concurrent setting","status":"passed","title":"should update max concurrent setting","duration":251.24389999999994,"failureMessages":[],"meta":{}},{"ancestorTitles":["RateLimiter","setMinDelay"],"fullName":"RateLimiter setMinDelay should update min delay setting","status":"passed","title":"should update min delay setting","duration":203.76549999999975,"failureMessages":[],"meta":{}},{"ancestorTitles":["RateLimiter","getQueueSize"],"fullName":"RateLimiter getQueueSize should return current queue size","status":"passed","title":"should return current queue size","duration":0.11760000000003856,"failureMessages":[],"meta":{}},{"ancestorTitles":["RateLimiter","clear"],"fullName":"RateLimiter clear should reject all queued items","status":"passed","title":"should reject all queued items","duration":501.09370000000035,"failureMessages":[],"meta":{}},{"ancestorTitles":["RateLimiter","drain"],"fullName":"RateLimiter drain should wait for all requests to complete","status":"passed","title":"should wait for all requests to complete","duration":218.61619999999994,"failureMessages":[],"meta":{}},{"ancestorTitles":["RateLimiter","drain"],"fullName":"RateLimiter drain should resolve immediately when empty","status":"passed","title":"should resolve immediately when empty","duration":0.3143000000000029,"failureMessages":[],"meta":{}},{"ancestorTitles":["RateLimiterWithRetry","constructor"],"fullName":"RateLimiterWithRetry constructor should create with default values","status":"passed","title":"should create with default values","duration":0.3006000000000313,"failureMessages":[],"meta":{}},{"ancestorTitles":["RateLimiterWithRetry","constructor"],"fullName":"RateLimiterWithRetry constructor should create with custom values","status":"passed","title":"should create with custom values","duration":0.10289999999986321,"failureMessages":[],"meta":{}},{"ancestorTitles":["RateLimiterWithRetry","throttleWithRetry"],"fullName":"RateLimiterWithRetry throttleWithRetry should succeed on first try","status":"passed","title":"should succeed on first try","duration":0.19750000000021828,"failureMessages":[],"meta":{}},{"ancestorTitles":["RateLimiterWithRetry","throttleWithRetry"],"fullName":"RateLimiterWithRetry throttleWithRetry should retry on RateLimitError","status":"passed","title":"should retry on RateLimitError","duration":170.35019999999986,"failureMessages":[],"meta":{}},{"ancestorTitles":["RateLimiterWithRetry","throttleWithRetry"],"fullName":"RateLimiterWithRetry throttleWithRetry should retry on rate limit message","status":"passed","title":"should retry on rate limit message","duration":62.016299999999774,"failureMessages":[],"meta":{}},{"ancestorTitles":["RateLimiterWithRetry","throttleWithRetry"],"fullName":"RateLimiterWithRetry throttleWithRetry should retry on 429 error","status":"passed","title":"should retry on 429 error","duration":62.212200000000394,"failureMessages":[],"meta":{}},{"ancestorTitles":["RateLimiterWithRetry","throttleWithRetry"],"fullName":"RateLimiterWithRetry throttleWithRetry should throw after max retries","status":"passed","title":"should throw after max retries","duration":375.1126000000004,"failureMessages":[],"meta":{}},{"ancestorTitles":["RateLimiterWithRetry","throttleWithRetry"],"fullName":"RateLimiterWithRetry throttleWithRetry should not retry non-rate-limit errors","status":"passed","title":"should not retry non-rate-limit errors","duration":0.3611000000000786,"failureMessages":[],"meta":{}},{"ancestorTitles":["RateLimiterWithRetry","throttleWithRetry"],"fullName":"RateLimiterWithRetry throttleWithRetry should use retryAfter from RateLimitError","status":"passed","title":"should use retryAfter from RateLimitError","duration":61.95730000000003,"failureMessages":[],"meta":{}},{"ancestorTitles":["RateLimiterWithRetry","throttleWithRetry"],"fullName":"RateLimiterWithRetry throttleWithRetry should extract retry time from error message","status":"passed","title":"should extract retry time from error message","duration":1002.0409,"failureMessages":[],"meta":{}},{"ancestorTitles":["RateLimiterWithRetry","throttleWithRetry"],"fullName":"RateLimiterWithRetry throttleWithRetry should use exponential backoff","status":"passed","title":"should use exponential backoff","duration":173.15709999999945,"failureMessages":[],"meta":{}}],"startTime":1769136333035,"endTime":1769136336820.157,"status":"passed","message":"","name":"C:/GIT/GuideGen/tests/unit/services/rate-limiter.test.ts"},{"assertionResults":[{"ancestorTitles":["Result Type Helpers","Ok()"],"fullName":"Result Type Helpers Ok() should create a successful result with a value","status":"passed","title":"should create a successful result with a value","duration":2.495200000000068,"failureMessages":[],"meta":{}},{"ancestorTitles":["Result Type Helpers","Ok()"],"fullName":"Result Type Helpers Ok() should create a successful result with string value","status":"passed","title":"should create a successful result with string value","duration":0.3431000000000495,"failureMessages":[],"meta":{}},{"ancestorTitles":["Result Type Helpers","Ok()"],"fullName":"Result Type Helpers Ok() should create a successful result with object value","status":"passed","title":"should create a successful result with object value","duration":1.2392999999999574,"failureMessages":[],"meta":{}},{"ancestorTitles":["Result Type Helpers","Ok()"],"fullName":"Result Type Helpers Ok() should create a successful result with null value","status":"passed","title":"should create a successful result with null value","duration":0.2785000000000082,"failureMessages":[],"meta":{}},{"ancestorTitles":["Result Type Helpers","Err()"],"fullName":"Result Type Helpers Err() should create a failed result with an error","status":"passed","title":"should create a failed result with an error","duration":0.3167000000000826,"failureMessages":[],"meta":{}},{"ancestorTitles":["Result Type Helpers","Err()"],"fullName":"Result Type Helpers Err() should create a failed result with string error","status":"passed","title":"should create a failed result with string error","duration":0.23429999999996198,"failureMessages":[],"meta":{}},{"ancestorTitles":["Result Type Helpers","Err()"],"fullName":"Result Type Helpers Err() should create a failed result with custom error object","status":"passed","title":"should create a failed result with custom error object","duration":0.272199999999998,"failureMessages":[],"meta":{}},{"ancestorTitles":["Result Type Helpers","isOk()"],"fullName":"Result Type Helpers isOk() should return true for Ok results","status":"passed","title":"should return true for Ok results","duration":0.16610000000002856,"failureMessages":[],"meta":{}},{"ancestorTitles":["Result Type Helpers","isOk()"],"fullName":"Result Type Helpers isOk() should return false for Err results","status":"passed","title":"should return false for Err results","duration":0.12260000000003402,"failureMessages":[],"meta":{}},{"ancestorTitles":["Result Type Helpers","isOk()"],"fullName":"Result Type Helpers isOk() should provide type narrowing","status":"passed","title":"should provide type narrowing","duration":0.09809999999993124,"failureMessages":[],"meta":{}},{"ancestorTitles":["Result Type Helpers","isErr()"],"fullName":"Result Type Helpers isErr() should return false for Ok results","status":"passed","title":"should return false for Ok results","duration":0.11959999999999127,"failureMessages":[],"meta":{}},{"ancestorTitles":["Result Type Helpers","isErr()"],"fullName":"Result Type Helpers isErr() should return true for Err results","status":"passed","title":"should return true for Err results","duration":0.11580000000003565,"failureMessages":[],"meta":{}},{"ancestorTitles":["Result Type Helpers","isErr()"],"fullName":"Result Type Helpers isErr() should provide type narrowing","status":"passed","title":"should provide type narrowing","duration":0.0988999999999578,"failureMessages":[],"meta":{}},{"ancestorTitles":["Result Type Helpers","unwrap()"],"fullName":"Result Type Helpers unwrap() should return the value from Ok result","status":"passed","title":"should return the value from Ok result","duration":0.12040000000001783,"failureMessages":[],"meta":{}},{"ancestorTitles":["Result Type Helpers","unwrap()"],"fullName":"Result Type Helpers unwrap() should throw error from Err result","status":"passed","title":"should throw error from Err result","duration":0.3605000000000018,"failureMessages":[],"meta":{}},{"ancestorTitles":["Result Type Helpers","unwrap()"],"fullName":"Result Type Helpers unwrap() should throw custom error from Err result","status":"passed","title":"should throw custom error from Err result","duration":0.9718000000000302,"failureMessages":[],"meta":{}},{"ancestorTitles":["Result Type Helpers","unwrapOr()"],"fullName":"Result Type Helpers unwrapOr() should return the value from Ok result","status":"passed","title":"should return the value from Ok result","duration":0.16050000000007003,"failureMessages":[],"meta":{}},{"ancestorTitles":["Result Type Helpers","unwrapOr()"],"fullName":"Result Type Helpers unwrapOr() should return default value from Err result","status":"passed","title":"should return default value from Err result","duration":0.137299999999982,"failureMessages":[],"meta":{}},{"ancestorTitles":["Result Type Helpers","unwrapOr()"],"fullName":"Result Type Helpers unwrapOr() should return default string from Err result","status":"passed","title":"should return default string from Err result","duration":0.1230000000000473,"failureMessages":[],"meta":{}},{"ancestorTitles":["Result Type Helpers","unwrapOr()"],"fullName":"Result Type Helpers unwrapOr() should return default object from Err result","status":"passed","title":"should return default object from Err result","duration":0.1070999999999458,"failureMessages":[],"meta":{}},{"ancestorTitles":["Result Type Helpers","mapResult()"],"fullName":"Result Type Helpers mapResult() should transform Ok result value","status":"passed","title":"should transform Ok result value","duration":0.18070000000000164,"failureMessages":[],"meta":{}},{"ancestorTitles":["Result Type Helpers","mapResult()"],"fullName":"Result Type Helpers mapResult() should transform Ok result to different type","status":"passed","title":"should transform Ok result to different type","duration":0.14390000000003056,"failureMessages":[],"meta":{}},{"ancestorTitles":["Result Type Helpers","mapResult()"],"fullName":"Result Type Helpers mapResult() should not transform Err result","status":"passed","title":"should not transform Err result","duration":0.14750000000003638,"failureMessages":[],"meta":{}},{"ancestorTitles":["Result Type Helpers","mapResult()"],"fullName":"Result Type Helpers mapResult() should chain multiple transformations","status":"passed","title":"should chain multiple transformations","duration":0.15150000000005548,"failureMessages":[],"meta":{}},{"ancestorTitles":["Result Type Helpers","mapError()"],"fullName":"Result Type Helpers mapError() should transform Err result error","status":"passed","title":"should transform Err result error","duration":0.16380000000003747,"failureMessages":[],"meta":{}},{"ancestorTitles":["Result Type Helpers","mapError()"],"fullName":"Result Type Helpers mapError() should transform error to different type","status":"passed","title":"should transform error to different type","duration":0.3181000000000722,"failureMessages":[],"meta":{}},{"ancestorTitles":["Result Type Helpers","mapError()"],"fullName":"Result Type Helpers mapError() should not transform Ok result","status":"passed","title":"should not transform Ok result","duration":0.14799999999991087,"failureMessages":[],"meta":{}},{"ancestorTitles":["Result Type Helpers","asyncResult()"],"fullName":"Result Type Helpers asyncResult() should wrap successful async function","status":"passed","title":"should wrap successful async function","duration":0.19859999999994216,"failureMessages":[],"meta":{}},{"ancestorTitles":["Result Type Helpers","asyncResult()"],"fullName":"Result Type Helpers asyncResult() should wrap async function returning string","status":"passed","title":"should wrap async function returning string","duration":0.26300000000003365,"failureMessages":[],"meta":{}},{"ancestorTitles":["Result Type Helpers","asyncResult()"],"fullName":"Result Type Helpers asyncResult() should catch Error from async function","status":"passed","title":"should catch Error from async function","duration":0.24989999999991142,"failureMessages":[],"meta":{}},{"ancestorTitles":["Result Type Helpers","asyncResult()"],"fullName":"Result Type Helpers asyncResult() should wrap non-Error thrown values in Error","status":"passed","title":"should wrap non-Error thrown values in Error","duration":0.35410000000001673,"failureMessages":[],"meta":{}},{"ancestorTitles":["Result Type Helpers","asyncResult()"],"fullName":"Result Type Helpers asyncResult() should handle rejected promises","status":"passed","title":"should handle rejected promises","duration":0.1814000000000533,"failureMessages":[],"meta":{}},{"ancestorTitles":["Result Type Helpers","combineResults()"],"fullName":"Result Type Helpers combineResults() should combine multiple Ok results into array","status":"passed","title":"should combine multiple Ok results into array","duration":0.24699999999995725,"failureMessages":[],"meta":{}},{"ancestorTitles":["Result Type Helpers","combineResults()"],"fullName":"Result Type Helpers combineResults() should combine empty array into empty array","status":"passed","title":"should combine empty array into empty array","duration":0.13059999999995853,"failureMessages":[],"meta":{}},{"ancestorTitles":["Result Type Helpers","combineResults()"],"fullName":"Result Type Helpers combineResults() should return first error when one result fails","status":"passed","title":"should return first error when one result fails","duration":0.16229999999995925,"failureMessages":[],"meta":{}},{"ancestorTitles":["Result Type Helpers","combineResults()"],"fullName":"Result Type Helpers combineResults() should return first error when multiple results fail","status":"passed","title":"should return first error when multiple results fail","duration":0.15070000000002892,"failureMessages":[],"meta":{}},{"ancestorTitles":["Result Type Helpers","combineResults()"],"fullName":"Result Type Helpers combineResults() should combine results of different types into array","status":"passed","title":"should combine results of different types into array","duration":0.1609000000000833,"failureMessages":[],"meta":{}},{"ancestorTitles":["Result Type Helpers","combineResults()"],"fullName":"Result Type Helpers combineResults() should handle single Ok result","status":"passed","title":"should handle single Ok result","duration":0.16379999999992378,"failureMessages":[],"meta":{}},{"ancestorTitles":["Result Type Helpers","combineResults()"],"fullName":"Result Type Helpers combineResults() should handle single Err result","status":"passed","title":"should handle single Err result","duration":0.13369999999997617,"failureMessages":[],"meta":{}}],"startTime":1769136333251,"endTime":1769136333264.1638,"status":"passed","message":"","name":"C:/GIT/GuideGen/tests/unit/types/result.test.ts"},{"assertionResults":[{"ancestorTitles":["Zod Schema Validation","GuidelineDomainSchema"],"fullName":"Zod Schema Validation GuidelineDomainSchema should validate correct domain values","status":"passed","title":"should validate correct domain values","duration":1.9447000000000116,"failureMessages":[],"meta":{}},{"ancestorTitles":["Zod Schema Validation","GuidelineDomainSchema"],"fullName":"Zod Schema Validation GuidelineDomainSchema should reject invalid domain values","status":"passed","title":"should reject invalid domain values","duration":2.111299999999801,"failureMessages":[],"meta":{}},{"ancestorTitles":["Zod Schema Validation","GeneratedGuidelineSchema"],"fullName":"Zod Schema Validation GeneratedGuidelineSchema should validate correct guideline object","status":"passed","title":"should validate correct guideline object","duration":2.7618999999999687,"failureMessages":[],"meta":{}},{"ancestorTitles":["Zod Schema Validation","GeneratedGuidelineSchema"],"fullName":"Zod Schema Validation GeneratedGuidelineSchema should validate guideline without optional priority","status":"passed","title":"should validate guideline without optional priority","duration":0.2798000000000229,"failureMessages":[],"meta":{}},{"ancestorTitles":["Zod Schema Validation","GeneratedGuidelineSchema"],"fullName":"Zod Schema Validation GeneratedGuidelineSchema should reject guideline with non-.md fileName","status":"passed","title":"should reject guideline with non-.md fileName","duration":0.4712000000001808,"failureMessages":[],"meta":{}},{"ancestorTitles":["Zod Schema Validation","GeneratedGuidelineSchema"],"fullName":"Zod Schema Validation GeneratedGuidelineSchema should reject guideline with short content","status":"passed","title":"should reject guideline with short content","duration":0.2763999999999669,"failureMessages":[],"meta":{}},{"ancestorTitles":["Zod Schema Validation","GeneratedGuidelineSchema"],"fullName":"Zod Schema Validation GeneratedGuidelineSchema should reject guideline with invalid priority","status":"passed","title":"should reject guideline with invalid priority","duration":0.49680000000012114,"failureMessages":[],"meta":{}},{"ancestorTitles":["Zod Schema Validation","GeneratedGuidelineSchema"],"fullName":"Zod Schema Validation GeneratedGuidelineSchema should reject guideline with missing required fields","status":"passed","title":"should reject guideline with missing required fields","duration":0.4882000000000062,"failureMessages":[],"meta":{}},{"ancestorTitles":["Zod Schema Validation","CodePatternSchema"],"fullName":"Zod Schema Validation CodePatternSchema should validate correct code pattern","status":"passed","title":"should validate correct code pattern","duration":0.7859999999998308,"failureMessages":[],"meta":{}},{"ancestorTitles":["Zod Schema Validation","CodePatternSchema"],"fullName":"Zod Schema Validation CodePatternSchema should validate all frequency values","status":"passed","title":"should validate all frequency values","duration":0.2561999999998079,"failureMessages":[],"meta":{}},{"ancestorTitles":["Zod Schema Validation","CodePatternSchema"],"fullName":"Zod Schema Validation CodePatternSchema should reject invalid frequency","status":"passed","title":"should reject invalid frequency","duration":0.30729999999994106,"failureMessages":[],"meta":{}},{"ancestorTitles":["Zod Schema Validation","PatternReportSchema"],"fullName":"Zod Schema Validation PatternReportSchema should validate empty pattern report","status":"passed","title":"should validate empty pattern report","duration":0.6157000000000608,"failureMessages":[],"meta":{}},{"ancestorTitles":["Zod Schema Validation","PatternReportSchema"],"fullName":"Zod Schema Validation PatternReportSchema should validate pattern report with all fields","status":"passed","title":"should validate pattern report with all fields","duration":0.2878000000000611,"failureMessages":[],"meta":{}},{"ancestorTitles":["Zod Schema Validation","PatternReportSchema"],"fullName":"Zod Schema Validation PatternReportSchema should validate pattern report with some fields","status":"passed","title":"should validate pattern report with some fields","duration":0.15190000000006876,"failureMessages":[],"meta":{}},{"ancestorTitles":["Zod Schema Validation","MergeChangeSchema"],"fullName":"Zod Schema Validation MergeChangeSchema should validate all change types","status":"passed","title":"should validate all change types","duration":0.5320999999999003,"failureMessages":[],"meta":{}},{"ancestorTitles":["Zod Schema Validation","MergeChangeSchema"],"fullName":"Zod Schema Validation MergeChangeSchema should reject invalid change type","status":"passed","title":"should reject invalid change type","duration":0.3329999999998563,"failureMessages":[],"meta":{}},{"ancestorTitles":["Zod Schema Validation","MergeChangeSchema"],"fullName":"Zod Schema Validation MergeChangeSchema should reject invalid significance","status":"passed","title":"should reject invalid significance","duration":0.30480000000011387,"failureMessages":[],"meta":{}},{"ancestorTitles":["Zod Schema Validation","IntelligentMergeResultSchema"],"fullName":"Zod Schema Validation IntelligentMergeResultSchema should validate merge result with default requiresConfirmation","status":"passed","title":"should validate merge result with default requiresConfirmation","duration":0.6403000000000247,"failureMessages":[],"meta":{}},{"ancestorTitles":["Zod Schema Validation","IntelligentMergeResultSchema"],"fullName":"Zod Schema Validation IntelligentMergeResultSchema should validate merge result with explicit requiresConfirmation","status":"passed","title":"should validate merge result with explicit requiresConfirmation","duration":0.2236000000000331,"failureMessages":[],"meta":{}},{"ancestorTitles":["Zod Schema Validation","RuleSchema"],"fullName":"Zod Schema Validation RuleSchema should validate complete rule","status":"passed","title":"should validate complete rule","duration":0.6310000000000855,"failureMessages":[],"meta":{}},{"ancestorTitles":["Zod Schema Validation","RuleSchema"],"fullName":"Zod Schema Validation RuleSchema should validate rule without optional examples","status":"passed","title":"should validate rule without optional examples","duration":0.21490000000017062,"failureMessages":[],"meta":{}},{"ancestorTitles":["Zod Schema Validation","RuleSchema"],"fullName":"Zod Schema Validation RuleSchema should validate all category values","status":"passed","title":"should validate all category values","duration":0.27880000000004657,"failureMessages":[],"meta":{}},{"ancestorTitles":["Zod Schema Validation","RuleSchema"],"fullName":"Zod Schema Validation RuleSchema should validate all domain values for rules","status":"passed","title":"should validate all domain values for rules","duration":0.2197000000001026,"failureMessages":[],"meta":{}},{"ancestorTitles":["Zod Schema Validation","TechStackSchema"],"fullName":"Zod Schema Validation TechStackSchema should validate complete tech stack","status":"passed","title":"should validate complete tech stack","duration":0.7071999999998297,"failureMessages":[],"meta":{}},{"ancestorTitles":["Zod Schema Validation","TechStackSchema"],"fullName":"Zod Schema Validation TechStackSchema should validate all package manager values","status":"passed","title":"should validate all package manager values","duration":0.29960000000005493,"failureMessages":[],"meta":{}},{"ancestorTitles":["Zod Schema Validation","TechStackSchema"],"fullName":"Zod Schema Validation TechStackSchema should reject invalid package manager","status":"passed","title":"should reject invalid package manager","duration":0.34570000000007894,"failureMessages":[],"meta":{}},{"ancestorTitles":["Zod Schema Validation","ProjectInfoSchema"],"fullName":"Zod Schema Validation ProjectInfoSchema should validate project info with partial stack","status":"passed","title":"should validate project info with partial stack","duration":1.626700000000028,"failureMessages":[],"meta":{}},{"ancestorTitles":["Zod Schema Validation","ProjectInfoSchema"],"fullName":"Zod Schema Validation ProjectInfoSchema should validate all project types","status":"passed","title":"should validate all project types","duration":0.4057999999999993,"failureMessages":[],"meta":{}},{"ancestorTitles":["Zod Schema Validation","PackageJsonSchema"],"fullName":"Zod Schema Validation PackageJsonSchema should validate typical package.json","status":"passed","title":"should validate typical package.json","duration":1.4670999999998457,"failureMessages":[],"meta":{}},{"ancestorTitles":["Zod Schema Validation","PackageJsonSchema"],"fullName":"Zod Schema Validation PackageJsonSchema should allow additional fields (passthrough)","status":"passed","title":"should allow additional fields (passthrough)","duration":0.3987999999999374,"failureMessages":[],"meta":{}},{"ancestorTitles":["Zod Schema Validation","PackageJsonSchema"],"fullName":"Zod Schema Validation PackageJsonSchema should validate minimal package.json","status":"passed","title":"should validate minimal package.json","duration":0.17820000000006075,"failureMessages":[],"meta":{}},{"ancestorTitles":["parseWithSchema()","Valid JSON parsing"],"fullName":"parseWithSchema() Valid JSON parsing should parse valid JSON with correct schema","status":"passed","title":"should parse valid JSON with correct schema","duration":0.43109999999978754,"failureMessages":[],"meta":{}},{"ancestorTitles":["parseWithSchema()","Valid JSON parsing"],"fullName":"parseWithSchema() Valid JSON parsing should parse array JSON","status":"passed","title":"should parse array JSON","duration":1.4037999999998192,"failureMessages":[],"meta":{}},{"ancestorTitles":["parseWithSchema()","Valid JSON parsing"],"fullName":"parseWithSchema() Valid JSON parsing should parse nested objects","status":"passed","title":"should parse nested objects","duration":0.6883000000000266,"failureMessages":[],"meta":{}},{"ancestorTitles":["parseWithSchema()","Invalid JSON handling"],"fullName":"parseWithSchema() Invalid JSON handling should return error for malformed JSON","status":"passed","title":"should return error for malformed JSON","duration":0.3310999999998785,"failureMessages":[],"meta":{}},{"ancestorTitles":["parseWithSchema()","Invalid JSON handling"],"fullName":"parseWithSchema() Invalid JSON handling should return error for schema validation failure","status":"passed","title":"should return error for schema validation failure","duration":0.5615999999999985,"failureMessages":[],"meta":{}},{"ancestorTitles":["parseWithSchema()","Invalid JSON handling"],"fullName":"parseWithSchema() Invalid JSON handling should provide detailed validation error messages","status":"passed","title":"should provide detailed validation error messages","duration":0.6012000000000626,"failureMessages":[],"meta":{}},{"ancestorTitles":["parseWithSchema()","Invalid JSON handling"],"fullName":"parseWithSchema() Invalid JSON handling should handle empty string","status":"passed","title":"should handle empty string","duration":0.33120000000008076,"failureMessages":[],"meta":{}},{"ancestorTitles":["extractJsonFromResponse()","Markdown code block extraction"],"fullName":"extractJsonFromResponse() Markdown code block extraction should extract JSON from markdown code block","status":"passed","title":"should extract JSON from markdown code block","duration":0.39459999999985484,"failureMessages":[],"meta":{}},{"ancestorTitles":["extractJsonFromResponse()","Markdown code block extraction"],"fullName":"extractJsonFromResponse() Markdown code block extraction should extract JSON from code block without language","status":"passed","title":"should extract JSON from code block without language","duration":0.25890000000003965,"failureMessages":[],"meta":{}},{"ancestorTitles":["extractJsonFromResponse()","Markdown code block extraction"],"fullName":"extractJsonFromResponse() Markdown code block extraction should extract JSON with surrounding text","status":"passed","title":"should extract JSON with surrounding text","duration":0.1711999999999989,"failureMessages":[],"meta":{}},{"ancestorTitles":["extractJsonFromResponse()","Markdown code block extraction"],"fullName":"extractJsonFromResponse() Markdown code block extraction should extract complex JSON from code block","status":"passed","title":"should extract complex JSON from code block","duration":0.1595999999999549,"failureMessages":[],"meta":{}},{"ancestorTitles":["extractJsonFromResponse()","Markdown code block extraction"],"fullName":"extractJsonFromResponse() Markdown code block extraction should handle multiline JSON in code block","status":"passed","title":"should handle multiline JSON in code block","duration":0.15849999999977626,"failureMessages":[],"meta":{}},{"ancestorTitles":["extractJsonFromResponse()","Raw JSON extraction"],"fullName":"extractJsonFromResponse() Raw JSON extraction should extract raw JSON without code blocks","status":"passed","title":"should extract raw JSON without code blocks","duration":0.274599999999964,"failureMessages":[],"meta":{}},{"ancestorTitles":["extractJsonFromResponse()","Raw JSON extraction"],"fullName":"extractJsonFromResponse() Raw JSON extraction should extract JSON with surrounding whitespace","status":"passed","title":"should extract JSON with surrounding whitespace","duration":0.27330000000006294,"failureMessages":[],"meta":{}},{"ancestorTitles":["extractJsonFromResponse()","Raw JSON extraction"],"fullName":"extractJsonFromResponse() Raw JSON extraction should extract first JSON object from text","status":"passed","title":"should extract first JSON object from text","duration":0.1952000000001135,"failureMessages":[],"meta":{}},{"ancestorTitles":["extractJsonFromResponse()","No JSON found"],"fullName":"extractJsonFromResponse() No JSON found should return null when no JSON found","status":"passed","title":"should return null when no JSON found","duration":0.253400000000056,"failureMessages":[],"meta":{}},{"ancestorTitles":["extractJsonFromResponse()","No JSON found"],"fullName":"extractJsonFromResponse() No JSON found should return null for empty string","status":"passed","title":"should return null for empty string","duration":0.15239999999994325,"failureMessages":[],"meta":{}},{"ancestorTitles":["parseAIResponse()","Successful parsing"],"fullName":"parseAIResponse() Successful parsing should parse AI response with markdown code block","status":"passed","title":"should parse AI response with markdown code block","duration":0.5095999999998639,"failureMessages":[],"meta":{}},{"ancestorTitles":["parseAIResponse()","Successful parsing"],"fullName":"parseAIResponse() Successful parsing should parse AI response with raw JSON","status":"passed","title":"should parse AI response with raw JSON","duration":0.3404000000000451,"failureMessages":[],"meta":{}},{"ancestorTitles":["parseAIResponse()","Successful parsing"],"fullName":"parseAIResponse() Successful parsing should handle array JSON responses","status":"passed","title":"should handle array JSON responses","duration":0.24799999999981992,"failureMessages":[],"meta":{}},{"ancestorTitles":["parseAIResponse()","Error handling"],"fullName":"parseAIResponse() Error handling should return error when no JSON found","status":"passed","title":"should return error when no JSON found","duration":0.21870000000012624,"failureMessages":[],"meta":{}},{"ancestorTitles":["parseAIResponse()","Error handling"],"fullName":"parseAIResponse() Error handling should return error for invalid JSON in response","status":"passed","title":"should return error for invalid JSON in response","duration":0.22450000000003456,"failureMessages":[],"meta":{}},{"ancestorTitles":["parseAIResponse()","Error handling"],"fullName":"parseAIResponse() Error handling should return error for schema validation failure","status":"passed","title":"should return error for schema validation failure","duration":0.5845000000001619,"failureMessages":[],"meta":{}}],"startTime":1769136333179,"endTime":1769136333209.5845,"status":"passed","message":"","name":"C:/GIT/GuideGen/tests/unit/types/schemas.test.ts"},{"assertionResults":[{"ancestorTitles":["GuidelineValidator","Validator initialization"],"fullName":"GuidelineValidator Validator initialization should initialize with name","status":"passed","title":"should initialize with name","duration":3.5516000000000076,"failureMessages":[],"meta":{}},{"ancestorTitles":["GuidelineValidator","Validator initialization"],"fullName":"GuidelineValidator Validator initialization should have validation rules defined","status":"passed","title":"should have validation rules defined","duration":0.4391000000000531,"failureMessages":[],"meta":{}},{"ancestorTitles":["GuidelineValidator","Required field validation"],"fullName":"GuidelineValidator Required field validation should pass validation for complete guideline","status":"passed","title":"should pass validation for complete guideline","duration":1.572400000000016,"failureMessages":[],"meta":{}},{"ancestorTitles":["GuidelineValidator","Required field validation"],"fullName":"GuidelineValidator Required field validation should fail when domain is missing","status":"passed","title":"should fail when domain is missing","duration":0.4592000000000098,"failureMessages":[],"meta":{}},{"ancestorTitles":["GuidelineValidator","Required field validation"],"fullName":"GuidelineValidator Required field validation should fail when type is missing","status":"passed","title":"should fail when type is missing","duration":0.3326000000000704,"failureMessages":[],"meta":{}},{"ancestorTitles":["GuidelineValidator","Required field validation"],"fullName":"GuidelineValidator Required field validation should fail when fileName is missing","status":"passed","title":"should fail when fileName is missing","duration":0.2927000000000817,"failureMessages":[],"meta":{}},{"ancestorTitles":["GuidelineValidator","Required field validation"],"fullName":"GuidelineValidator Required field validation should fail when fileName does not end with .md","status":"passed","title":"should fail when fileName does not end with .md","duration":0.26660000000003947,"failureMessages":[],"meta":{}},{"ancestorTitles":["GuidelineValidator","Required field validation"],"fullName":"GuidelineValidator Required field validation should fail when content is missing","status":"passed","title":"should fail when content is missing","duration":0.2504999999999882,"failureMessages":[],"meta":{}},{"ancestorTitles":["GuidelineValidator","Required field validation"],"fullName":"GuidelineValidator Required field validation should fail when content is empty string","status":"passed","title":"should fail when content is empty string","duration":0.4655999999999949,"failureMessages":[],"meta":{}},{"ancestorTitles":["GuidelineValidator","Content structure validation"],"fullName":"GuidelineValidator Content structure validation should fail when missing level-1 heading","status":"passed","title":"should fail when missing level-1 heading","duration":0.36000000000001364,"failureMessages":[],"meta":{}},{"ancestorTitles":["GuidelineValidator","Content structure validation"],"fullName":"GuidelineValidator Content structure validation should pass with proper level-1 heading","status":"passed","title":"should pass with proper level-1 heading","duration":0.2178000000000111,"failureMessages":[],"meta":{}},{"ancestorTitles":["GuidelineValidator","Content structure validation"],"fullName":"GuidelineValidator Content structure validation should warn when missing DO section","status":"passed","title":"should warn when missing DO section","duration":0.27909999999997126,"failureMessages":[],"meta":{}},{"ancestorTitles":["GuidelineValidator","Content structure validation"],"fullName":"GuidelineValidator Content structure validation should pass when DO section is present","status":"passed","title":"should pass when DO section is present","duration":0.33540000000004966,"failureMessages":[],"meta":{}},{"ancestorTitles":["GuidelineValidator","Content structure validation"],"fullName":"GuidelineValidator Content structure validation should accept DO section at level 3","status":"passed","title":"should accept DO section at level 3","duration":0.2118000000000393,"failureMessages":[],"meta":{}},{"ancestorTitles":["GuidelineValidator","Content structure validation"],"fullName":"GuidelineValidator Content structure validation should warn when missing NEVER section","status":"passed","title":"should warn when missing NEVER section","duration":0.4518000000000484,"failureMessages":[],"meta":{}},{"ancestorTitles":["GuidelineValidator","Content structure validation"],"fullName":"GuidelineValidator Content structure validation should pass when NEVER section is present","status":"passed","title":"should pass when NEVER section is present","duration":0.23309999999992215,"failureMessages":[],"meta":{}},{"ancestorTitles":["GuidelineValidator","Content structure validation"],"fullName":"GuidelineValidator Content structure validation should warn when missing code examples","status":"passed","title":"should warn when missing code examples","duration":0.2801000000000613,"failureMessages":[],"meta":{}},{"ancestorTitles":["GuidelineValidator","Content structure validation"],"fullName":"GuidelineValidator Content structure validation should pass when code examples are present","status":"passed","title":"should pass when code examples are present","duration":0.20939999999995962,"failureMessages":[],"meta":{}},{"ancestorTitles":["GuidelineValidator","Content structure validation"],"fullName":"GuidelineValidator Content structure validation should detect code blocks without language","status":"passed","title":"should detect code blocks without language","duration":0.19909999999993033,"failureMessages":[],"meta":{}},{"ancestorTitles":["GuidelineValidator","Quality validation"],"fullName":"GuidelineValidator Quality validation should warn when content is too short","status":"passed","title":"should warn when content is too short","duration":0.27290000000004966,"failureMessages":[],"meta":{}},{"ancestorTitles":["GuidelineValidator","Quality validation"],"fullName":"GuidelineValidator Quality validation should pass when content is sufficient length","status":"passed","title":"should pass when content is sufficient length","duration":0.2987000000000535,"failureMessages":[],"meta":{}},{"ancestorTitles":["GuidelineValidator","Quality validation"],"fullName":"GuidelineValidator Quality validation should provide info when lacking multiple sections","status":"passed","title":"should provide info when lacking multiple sections","duration":0.3730999999999085,"failureMessages":[],"meta":{}},{"ancestorTitles":["GuidelineValidator","Quality validation"],"fullName":"GuidelineValidator Quality validation should pass with multiple level-2 sections","status":"passed","title":"should pass with multiple level-2 sections","duration":0.2699000000000069,"failureMessages":[],"meta":{}},{"ancestorTitles":["GuidelineValidator","Quality validation"],"fullName":"GuidelineValidator Quality validation should provide info when code/text balance is off","status":"passed","title":"should provide info when code/text balance is off","duration":0.44700000000000273,"failureMessages":[],"meta":{}},{"ancestorTitles":["GuidelineValidator","Quality validation"],"fullName":"GuidelineValidator Quality validation should pass with balanced code and text","status":"passed","title":"should pass with balanced code and text","duration":1.6731999999999516,"failureMessages":[],"meta":{}},{"ancestorTitles":["GuidelineValidator","Validation result properties"],"fullName":"GuidelineValidator Validation result properties should return valid=true when no errors","status":"passed","title":"should return valid=true when no errors","duration":0.320699999999988,"failureMessages":[],"meta":{}},{"ancestorTitles":["GuidelineValidator","Validation result properties"],"fullName":"GuidelineValidator Validation result properties should return valid=false when errors present","status":"passed","title":"should return valid=false when errors present","duration":0.2842999999999165,"failureMessages":[],"meta":{}},{"ancestorTitles":["GuidelineValidator","Validation result properties"],"fullName":"GuidelineValidator Validation result properties should calculate score based on issues","status":"passed","title":"should calculate score based on issues","duration":0.6288999999999305,"failureMessages":[],"meta":{}},{"ancestorTitles":["GuidelineValidator","Validation result properties"],"fullName":"GuidelineValidator Validation result properties should return perfect score for ideal guideline","status":"passed","title":"should return perfect score for ideal guideline","duration":2.095199999999977,"failureMessages":[],"meta":{}},{"ancestorTitles":["GuidelineValidator","Validation result properties"],"fullName":"GuidelineValidator Validation result properties should provide helpful error messages","status":"passed","title":"should provide helpful error messages","duration":0.6426000000000158,"failureMessages":[],"meta":{}},{"ancestorTitles":["GuidelineValidator","Validation result properties"],"fullName":"GuidelineValidator Validation result properties should provide suggestions for issues","status":"passed","title":"should provide suggestions for issues","duration":0.18000000000006366,"failureMessages":[],"meta":{}},{"ancestorTitles":["GuidelineValidator","Validation result properties"],"fullName":"GuidelineValidator Validation result properties should categorize issues by severity","status":"passed","title":"should categorize issues by severity","duration":0.24130000000002383,"failureMessages":[],"meta":{}},{"ancestorTitles":["GuidelineValidator","Edge cases"],"fullName":"GuidelineValidator Edge cases should handle guideline with only title","status":"passed","title":"should handle guideline with only title","duration":0.16229999999995925,"failureMessages":[],"meta":{}},{"ancestorTitles":["GuidelineValidator","Edge cases"],"fullName":"GuidelineValidator Edge cases should handle very long content","status":"passed","title":"should handle very long content","duration":0.24920000000008713,"failureMessages":[],"meta":{}},{"ancestorTitles":["GuidelineValidator","Edge cases"],"fullName":"GuidelineValidator Edge cases should handle special characters in content","status":"passed","title":"should handle special characters in content","duration":0.15209999999990487,"failureMessages":[],"meta":{}},{"ancestorTitles":["GuidelineValidator","Edge cases"],"fullName":"GuidelineValidator Edge cases should handle multiline code blocks","status":"passed","title":"should handle multiline code blocks","duration":0.16800000000000637,"failureMessages":[],"meta":{}},{"ancestorTitles":["GuidelineValidator","Edge cases"],"fullName":"GuidelineValidator Edge cases should handle nested markdown structures","status":"passed","title":"should handle nested markdown structures","duration":0.21250000000009095,"failureMessages":[],"meta":{}}],"startTime":1769136333208,"endTime":1769136333228.2493,"status":"passed","message":"","name":"C:/GIT/GuideGen/tests/unit/validation/guideline-validator.test.ts"},{"assertionResults":[{"ancestorTitles":["InputValidator","validate","success cases"],"fullName":"InputValidator validate success cases should validate valid data","status":"passed","title":"should validate valid data","duration":4.621899999999869,"failureMessages":[],"meta":{}},{"ancestorTitles":["InputValidator","validate","success cases"],"fullName":"InputValidator validate success cases should coerce types when possible","status":"passed","title":"should coerce types when possible","duration":0.6398000000001502,"failureMessages":[],"meta":{}},{"ancestorTitles":["InputValidator","validate","success cases"],"fullName":"InputValidator validate success cases should return transformed data","status":"passed","title":"should return transformed data","duration":0.5843999999999596,"failureMessages":[],"meta":{}},{"ancestorTitles":["InputValidator","validate","success cases"],"fullName":"InputValidator validate success cases should handle optional fields","status":"passed","title":"should handle optional fields","duration":0.7218000000000302,"failureMessages":[],"meta":{}},{"ancestorTitles":["InputValidator","validate","error cases"],"fullName":"InputValidator validate error cases should throw ValidationError for invalid data","status":"passed","title":"should throw ValidationError for invalid data","duration":1.4817000000000462,"failureMessages":[],"meta":{}},{"ancestorTitles":["InputValidator","validate","error cases"],"fullName":"InputValidator validate error cases should include error details in ValidationError","status":"passed","title":"should include error details in ValidationError","duration":0.5082999999999629,"failureMessages":[],"meta":{}},{"ancestorTitles":["InputValidator","validate","error cases"],"fullName":"InputValidator validate error cases should throw for missing required fields","status":"passed","title":"should throw for missing required fields","duration":0.4335000000000946,"failureMessages":[],"meta":{}},{"ancestorTitles":["InputValidator","validate","error cases"],"fullName":"InputValidator validate error cases should throw for wrong types","status":"passed","title":"should throw for wrong types","duration":0.3128999999998996,"failureMessages":[],"meta":{}},{"ancestorTitles":["InputValidator","validateSafe"],"fullName":"InputValidator validateSafe should return success result for valid data","status":"passed","title":"should return success result for valid data","duration":0.6928000000000338,"failureMessages":[],"meta":{}},{"ancestorTitles":["InputValidator","validateSafe"],"fullName":"InputValidator validateSafe should return failure result for invalid data","status":"passed","title":"should return failure result for invalid data","duration":0.4411999999999807,"failureMessages":[],"meta":{}},{"ancestorTitles":["InputValidator","validateSafe"],"fullName":"InputValidator validateSafe should include error path in failure result","status":"passed","title":"should include error path in failure result","duration":2.1486999999999625,"failureMessages":[],"meta":{}},{"ancestorTitles":["InputValidator","validateSafe"],"fullName":"InputValidator validateSafe should not throw on invalid data","status":"passed","title":"should not throw on invalid data","duration":1.5697999999999865,"failureMessages":[],"meta":{}},{"ancestorTitles":["InputValidator","validatePath","valid paths"],"fullName":"InputValidator validatePath valid paths should validate absolute path","status":"passed","title":"should validate absolute path","duration":0.7820999999999003,"failureMessages":[],"meta":{}},{"ancestorTitles":["InputValidator","validatePath","valid paths"],"fullName":"InputValidator validatePath valid paths should validate relative path","status":"passed","title":"should validate relative path","duration":0.3889000000001488,"failureMessages":[],"meta":{}},{"ancestorTitles":["InputValidator","validatePath","valid paths"],"fullName":"InputValidator validatePath valid paths should resolve relative path to absolute","status":"passed","title":"should resolve relative path to absolute","duration":0.5382999999999356,"failureMessages":[],"meta":{}},{"ancestorTitles":["InputValidator","validatePath","valid paths"],"fullName":"InputValidator validatePath valid paths should accept path with allowed characters","status":"passed","title":"should accept path with allowed characters","duration":0.3351999999999862,"failureMessages":[],"meta":{}},{"ancestorTitles":["InputValidator","validatePath","path traversal prevention"],"fullName":"InputValidator validatePath path traversal prevention should throw for path traversal attempt","status":"passed","title":"should throw for path traversal attempt","duration":0.6766000000000076,"failureMessages":[],"meta":{}},{"ancestorTitles":["InputValidator","validatePath","path traversal prevention"],"fullName":"InputValidator validatePath path traversal prevention should throw for nested traversal","status":"passed","title":"should throw for nested traversal","duration":0.41869999999994434,"failureMessages":[],"meta":{}},{"ancestorTitles":["InputValidator","validatePath","path traversal prevention"],"fullName":"InputValidator validatePath path traversal prevention should throw for path escaping base directory","status":"passed","title":"should throw for path escaping base directory","duration":0.3184999999998581,"failureMessages":[],"meta":{}},{"ancestorTitles":["InputValidator","validatePath","path traversal prevention"],"fullName":"InputValidator validatePath path traversal prevention should allow paths within base directory","status":"passed","title":"should allow paths within base directory","duration":0.32150000000001455,"failureMessages":[],"meta":{}},{"ancestorTitles":["InputValidator","validateConfig"],"fullName":"InputValidator validateConfig should validate valid provider config","status":"passed","title":"should validate valid provider config","duration":0.6688999999998941,"failureMessages":[],"meta":{}},{"ancestorTitles":["InputValidator","validateConfig"],"fullName":"InputValidator validateConfig should accept all valid providers","status":"passed","title":"should accept all valid providers","duration":0.2499000000000251,"failureMessages":[],"meta":{}},{"ancestorTitles":["InputValidator","validateConfig"],"fullName":"InputValidator validateConfig should throw for invalid provider","status":"passed","title":"should throw for invalid provider","duration":0.3836999999998625,"failureMessages":[],"meta":{}},{"ancestorTitles":["PathValidator","isAbsolute"],"fullName":"PathValidator isAbsolute should return true for absolute paths","status":"passed","title":"should return true for absolute paths","duration":0.22200000000020736,"failureMessages":[],"meta":{}},{"ancestorTitles":["PathValidator","isAbsolute"],"fullName":"PathValidator isAbsolute should return false for relative paths","status":"passed","title":"should return false for relative paths","duration":0.15350000000012187,"failureMessages":[],"meta":{}},{"ancestorTitles":["PathValidator","isRelative"],"fullName":"PathValidator isRelative should return true for relative paths","status":"passed","title":"should return true for relative paths","duration":0.14069999999992433,"failureMessages":[],"meta":{}},{"ancestorTitles":["PathValidator","isRelative"],"fullName":"PathValidator isRelative should return false for absolute paths","status":"passed","title":"should return false for absolute paths","duration":0.10529999999994288,"failureMessages":[],"meta":{}},{"ancestorTitles":["PathValidator","normalize"],"fullName":"PathValidator normalize should normalize path with double slashes","status":"passed","title":"should normalize path with double slashes","duration":0.18429999999989377,"failureMessages":[],"meta":{}},{"ancestorTitles":["PathValidator","normalize"],"fullName":"PathValidator normalize should resolve . in path","status":"passed","title":"should resolve . in path","duration":0.13510000000019318,"failureMessages":[],"meta":{}},{"ancestorTitles":["PathValidator","normalize"],"fullName":"PathValidator normalize should keep trailing slash behavior consistent","status":"passed","title":"should keep trailing slash behavior consistent","duration":0.14949999999998909,"failureMessages":[],"meta":{}},{"ancestorTitles":["PathValidator","isWithinBase"],"fullName":"PathValidator isWithinBase should return true for path within base","status":"passed","title":"should return true for path within base","duration":0.2221999999999298,"failureMessages":[],"meta":{}},{"ancestorTitles":["PathValidator","isWithinBase"],"fullName":"PathValidator isWithinBase should return false for path escaping base","status":"passed","title":"should return false for path escaping base","duration":0.16320000000018808,"failureMessages":[],"meta":{}},{"ancestorTitles":["PathValidator","isWithinBase"],"fullName":"PathValidator isWithinBase should handle nested paths correctly","status":"passed","title":"s
[...]
95},"5":{"loc":{"start":{"line":132,"column":37},"end":{"line":132,"column":77}},"type":"binary-expr","locations":[{"start":{"line":132,"column":37},"end":{"line":132,"column":72}},{"start":{"line":132,"column":72},"end":{"line":132,"column":77}}],"line":132},"6":{"loc":{"start":{"line":156,"column":4},"end":{"line":158,"column":null}},"type":"if","locations":[{"start":{"line":156,"column":4},"end":{"line":158,"column":null}},{"start":{},"end":{}}],"line":156},"7":{"loc":{"start":{"line":206,"column":4},"end":{"line":208,"column":null}},"type":"if","locations":[{"start":{"line":206,"column":4},"end":{"line":208,"column":null}},{"start":{},"end":{}}],"line":206},"8":{"loc":{"start":{"line":216,"column":2},"end":{"line":218,"column":null}},"type":"if","locations":[{"start":{"line":216,"column":2},"end":{"line":218,"column":null}},{"start":{},"end":{}}],"line":216}},"s":{"0":0,"1":0,"2":0,"3":0,"4":0,"5":0,"6":0,"7":0,"8":0,"9":0,"10":0,"11":0,"12":0,"13":0,"14":0,"15":0,"16":0,"17":0,"18":0,"19":0,"20":0,"21":0,"22":0,"23":0,"24":0,"25":0,"26":0,"27":0,"28":0,"29":0,"30":0,"31":0,"32":0,"33":0,"34":0,"35":0,"36":0,"37":0,"38":0,"39":0,"40":0,"41":0,"42":0,"43":0,"44":0,"45":0,"46":0,"47":0,"48":0,"49":0,"50":0,"51":0,"52":0,"53":0,"54":0,"55":0,"56":0,"57":0,"58":0,"59":0,"60":0,"61":0,"62":0,"63":0,"64":0,"65":0},"f":{"0":0,"1":0,"2":0,"3":0,"4":0,"5":0,"6":0,"7":0,"8":0,"9":0},"b":{"0":[0,0],"1":[0,0],"2":[0,0],"3":[0,0],"4":[0,0],"5":[0,0],"6":[0,0],"7":[0,0],"8":[0,0]},"meta":{"lastBranch":9,"lastFunction":10,"lastStatement":66,"seen":{"f:24:9:24:30":0,"s:25:26:25:Infinity":0,"s:27:2:34:Infinity":1,"s:29:22:29:Infinity":2,"s:30:25:30:Infinity":3,"b:32:4:32:Infinity:undefined:undefined:undefined:undefined":0,"s:32:4:32:Infinity":4,"s:32:19:32:Infinity":5,"b:33:4:33:Infinity:undefined:undefined:undefined:undefined":1,"s:33:4:33:Infinity":6,"s:33:22:33:Infinity":7,"s:37:2:37:Infinity":8,"f:43:22:43:Infinity":1,"s:49:27:49:Infinity":9,"f:49:45:49:50":2,"s:49:50:49:69":10,"s:52:24:55:Infinity":11,"f:52:45:52:51":3,"s:52:51:55:4":12,"s:58:24:58:Infinity":13,"s:61:19:64:Infinity":14,"s:66:2:71:Infinity":15,"f:77:15:77:30":4,"s:83:2:116:Infinity":16,"s:85:24:85:Infinity":17,"s:87:10:87:Infinity":18,"b:88:4:104:Infinity:undefined:undefined:undefined:undefined":2,"s:88:4:104:Infinity":19,"s:89:12:89:Infinity":20,"s:90:12:90:Infinity":21,"b:92:6:103:Infinity:99:13:103:Infinity":3,"s:92:6:103:Infinity":22,"s:93:8:98:Infinity":23,"b:95:19:95:42:95:42:95:Infinity":4,"s:101:8:101:Infinity":24,"s:102:8:102:Infinity":25,"s:107:10:107:Infinity":26,"s:108:4:108:Infinity":27,"s:111:10:111:Infinity":28,"s:112:4:115:Infinity":29,"f:122:22:122:Infinity":5,"s:130:20:130:Infinity":30,"s:131:2:133:Infinity":31,"s:132:4:132:Infinity":32,"b:132:37:132:72:132:72:132:77":5,"s:135:18:138:Infinity":33,"f:135:54:135:55":6,"s:135:74:138:4":34,"s:141:20:145:Infinity":35,"s:148:24:148:Infinity":36,"s:151:22:151:Infinity":37,"s:154:29:154:Infinity":38,"s:155:2:163:Infinity":39,"b:156:4:158:Infinity:undefined:undefined:undefined:undefined":6,"s:156:4:158:Infinity":40,"s:157:6:157:Infinity":41,"s:159:4:162:Infinity":42,"s:166:24:166:Infinity":43,"s:167:2:169:Infinity":44,"f:167:35:167:40":7,"s:167:40:167:46":45,"s:168:4:168:Infinity":46,"s:172:19:175:Infinity":47,"s:177:2:181:Infinity":48,"f:187:22:187:Infinity":8,"s:195:36:195:Infinity":49,"s:198:18:198:Infinity":50,"f:198:52:198:57":9,"s:198:57:198:65":51,"s:200:21:200:Infinity":52,"s:201:20:201:Infinity":53,"s:204:2:212:Infinity":54,"s:205:4:205:Infinity":55,"b:206:4:208:Infinity:undefined:undefined:undefined:undefined":7,"s:206:4:208:Infinity":56,"s:207:6:207:Infinity":57,"s:210:18:210:Infinity":58,"s:211:4:211:Infinity":59,"s:215:2:215:Infinity":60,"b:216:2:218:Infinity:undefined:undefined:undefined:undefined":8,"s:216:2:218:Infinity":61,"s:217:4:217:Infinity":62,"s:220:20:220:Infinity":63,"s:221:2:221:Infinity":64,"s:223:2:223:Infinity":65}}},"C:\\GIT\\GuideGen\\src\\core\\phases\\suggest\\suggest.ts":{"path":"C:\\GIT\\GuideGen\\src\\core\\phases\\suggest\\suggest.ts","statementMap":{"0":{"start":{"line":58,"column":8},"end":{"line":58,"column":null}},"1":{"start":{"line":59,"column":2},"end":{"line":59,"column":null}},"2":{"start":{"line":61,"column":31},"end":{"line":67,"column":null}},"3":{"start":{"line":69,"column":2},"end":{"line":139,"column":null}},"4":{"start":{"line":71,"column":4},"end":{"line":71,"column":null}},"5":{"start":{"line":72,"column":4},"end":{"line":74,"column":null}},"6":{"start":{"line":73,"column":6},"end":{"line":73,"column":null}},"7":{"start":{"line":77,"column":27},"end":{"line":80,"column":null}},"8":{"start":{"line":82,"column":4},"end":{"line":90,"column":null}},"9":{"start":{"line":83,"column":22},"end":{"line":85,"column":null}},"10":{"start":{"line":86,"column":6},"end":{"line":89,"column":null}},"11":{"start":{"line":87,"column":8},"end":{"line":87,"column":null}},"12":{"start":{"line":88,"column":8},"end":{"line":88,"column":null}},"13":{"start":{"line":93,"column":23},"end":{"line":95,"column":null}},"14":{"start":{"line":97,"column":4},"end":{"line":105,"column":null}},"15":{"start":{"line":98,"column":22},"end":{"line":100,"column":null}},"16":{"start":{"line":101,"column":6},"end":{"line":104,"column":null}},"17":{"start":{"line":102,"column":8},"end":{"line":102,"column":null}},"18":{"start":{"line":103,"column":8},"end":{"line":103,"column":null}},"19":{"start":{"line":108,"column":23},"end":{"line":110,"column":null}},"20":{"start":{"line":112,"column":4},"end":{"line":120,"column":null}},"21":{"start":{"line":113,"column":22},"end":{"line":115,"column":null}},"22":{"start":{"line":116,"column":6},"end":{"line":119,"column":null}},"23":{"start":{"line":117,"column":8},"end":{"line":117,"column":null}},"24":{"start":{"line":118,"column":8},"end":{"line":118,"column":null}},"25":{"start":{"line":122,"column":4},"end":{"line":122,"column":null}},"26":{"start":{"line":124,"column":4},"end":{"line":133,"column":null}},"27":{"start":{"line":125,"column":6},"end":{"line":125,"column":null}},"28":{"start":{"line":126,"column":6},"end":{"line":126,"column":null}},"29":{"start":{"line":127,"column":6},"end":{"line":127,"column":null}},"30":{"start":{"line":128,"column":6},"end":{"line":128,"column":null}},"31":{"start":{"line":129,"column":6},"end":{"line":129,"column":null}},"32":{"start":{"line":131,"column":6},"end":{"line":131,"column":null}},"33":{"start":{"line":132,"column":6},"end":{"line":132,"column":null}},"34":{"start":{"line":135,"column":4},"end":{"line":135,"column":null}},"35":{"start":{"line":137,"column":4},"end":{"line":137,"column":null}},"36":{"start":{"line":138,"column":4},"end":{"line":138,"column":null}},"37":{"start":{"line":148,"column":8},"end":{"line":148,"column":null}},"38":{"start":{"line":149,"column":2},"end":{"line":149,"column":null}},"39":{"start":{"line":151,"column":2},"end":{"line":214,"column":null}},"40":{"start":{"line":153,"column":29},"end":{"line":153,"column":null}},"41":{"start":{"line":155,"column":4},"end":{"line":155,"column":null}},"42":{"start":{"line":158,"column":4},"end":{"line":162,"column":null}},"43":{"start":{"line":159,"column":6},"end":{"line":159,"column":null}},"44":{"start":{"line":161,"column":6},"end":{"line":161,"column":null}},"45":{"start":{"line":165,"column":33},"end":{"line":169,"column":null}},"46":{"start":{"line":167,"column":26},"end":{"line":167,"column":167}},"47":{"start":{"line":171,"column":4},"end":{"line":171,"column":null}},"48":{"start":{"line":172,"column":4},"end":{"line":172,"column":null}},"49":{"start":{"line":174,"column":19},"end":{"line":174,"column":null}},"50":{"start":{"line":176,"column":19},"end":{"line":193,"column":null}},"51":{"start":{"line":195,"column":4},"end":{"line":195,"column":null}},"52":{"start":{"line":196,"column":4},"end":{"line":196,"column":null}},"53":{"start":{"line":199,"column":4},"end":{"line":199,"column":null}},"54":{"start":{"line":201,"column":4},"end":{"line":206,"column":null}},"55":{"start":{"line":208,"column":4},"end":{"line":208,"column":null}},"56":{"start":{"line":209,"column":4},"end":{"line":213,"column":null}},"57":{"start":{"line":218,"column":2},"end":{"line":218,"column":null}},"58":{"start":{"line":220,"column":2},"end":{"line":220,"column":null}},"59":{"start":{"line":221,"column":2},"end":{"line":221,"column":null}},"60":{"start":{"line":222,"column":2},"end":{"line":222,"column":null}},"61":{"start":{"line":223,"column":2},"end":{"line":223,"column":null}},"62":{"start":{"line":225,"column":2},"end":{"line":225,"column":null}},"63":{"start":{"line":226,"column":2},"end":{"line":226,"column":null}},"64":{"start":{"line":227,"column":2},"end":{"line":227,"column":null}},"65":{"start":{"line":229,"column":2},"end":{"line":251,"column":null}},"66":{"start":{"line":230,"column":4},"end":{"line":230,"column":null}},"67":{"start":{"line":233,"column":25},"end":{"line":233,"column":null}},"68":{"start":{"line":233,"column":58},"end":{"line":233,"column":79}},"69":{"start":{"line":234,"column":27},"end":{"line":234,"column":null}},"70":{"start":{"line":234,"column":60},"end":{"line":234,"column":83}},"71":{"start":{"line":235,"column":24},"end":{"line":235,"column":null}},"72":{"start":{"line":235,"column":57},"end":{"line":235,"column":77}},"73":{"start":{"line":237,"column":4},"end":{"line":240,"column":null}},"74":{"start":{"line":238,"column":6},"end":{"line":238,"column":null}},"75":{"start":{"line":239,"column":6},"end":{"line":239,"column":null}},"76":{"start":{"line":242,"column":4},"end":{"line":245,"column":null}},"77":{"start":{"line":243,"column":6},"end":{"line":243,"column":null}},"78":{"start":{"line":244,"column":6},"end":{"line":244,"column":null}},"79":{"start":{"line":247,"column":4},"end":{"line":250,"column":null}},"80":{"start":{"line":248,"column":6},"end":{"line":248,"column":null}},"81":{"start":{"line":249,"column":6},"end":{"line":249,"column":null}},"82":{"start":{"line":255,"column":2},"end":{"line":261,"column":null}},"83":{"start":{"line":256,"column":4},"end":{"line":256,"column":null}},"84":{"start":{"line":257,"column":4},"end":{"line":257,"column":null}},"85":{"start":{"line":258,"column":4},"end":{"line":258,"column":null}},"86":{"start":{"line":259,"column":4},"end":{"line":259,"column":null}},"87":{"start":{"line":260,"column":4},"end":{"line":260,"column":null}},"88":{"start":{"line":265,"column":2},"end":{"line":277,"column":null}}},"fnMap":{"0":{"name":"readExistingSetup","decl":{"start":{"line":55,"column":22},"end":{"line":55,"column":null}},"loc":{"start":{"line":57,"column":26},"end":{"line":140,"column":null}},"line":57},"1":{"name":"runSuggestPhase","decl":{"start":{"line":142,"column":22},"end":{"line":142,"column":null}},"loc":{"start":{"line":147,"column":43},"end":{"line":215,"column":null}},"line":147},"2":{"name":"(anonymous_2)","decl":{"start":{"line":167,"column":15},"end":{"line":167,"column":16}},"loc":{"start":{"line":167,"column":26},"end":{"line":167,"column":167}},"line":167},"3":{"name":"printSuggestionsSummary","decl":{"start":{"line":217,"column":9},"end":{"line":217,"column":33}},"loc":{"start":{"line":217,"column":66},"end":{"line":252,"column":null}},"line":217},"4":{"name":"(anonymous_4)","decl":{"start":{"line":233,"column":51},"end":{"line":233,"column":52}},"loc":{"start":{"line":233,"column":58},"end":{"line":233,"column":79}},"line":233},"5":{"name":"(anonymous_5)","decl":{"start":{"line":234,"column":53},"end":{"line":234,"column":54}},"loc":{"start":{"line":234,"column":60},"end":{"line":234,"column":83}},"line":234},"6":{"name":"(anonymous_6)","decl":{"start":{"line":235,"column":50},"end":{"line":235,"column":51}},"loc":{"start":{"line":235,"column":57},"end":{"line":235,"column":77}},"line":235},"7":{"name":"printSuggestionList","decl":{"start":{"line":254,"column":9},"end":{"line":254,"column":29}},"loc":{"start":{"line":254,"column":62},"end":{"line":262,"column":null}},"line":254},"8":{"name":"(anonymous_8)","decl":{"start":{"line":255,"column":22},"end":{"line":255,"column":23}},"loc":{"start":{"line":255,"column":32},"end":{"line":261,"column":3}},"line":255},"9":{"name":"formatSuggestionForApply","decl":{"start":{"line":264,"column":16},"end":{"line":264,"column":41}},"loc":{"start":{"line":264,"column":73},"end":{"line":279,"column":null}},"line":264}},"branchMap":{"0":{"loc":{"start":{"line":72,"column":4},"end":{"line":74,"column":null}},"type":"if","locations":[{"start":{"line":72,"column":4},"end":{"line":74,"column":null}},{"start":{},"end":{}}],"line":72},"1":{"loc":{"start":{"line":86,"column":6},"end":{"line":89,"column":null}},"type":"if","locations":[{"start":{"line":86,"column":6},"end":{"line":89,"column":null}},{"start":{},"end":{}}],"line":86},"2":{"loc":{"start":{"line":101,"column":6},"end":{"line":104,"column":null}},"type":"if","locations":[{"start":{"line":101,"column":6},"end":{"line":104,"column":null}},{"start":{},"end":{}}],"line":101},"3":{"loc":{"start":{"line":116,"column":6},"end":{"line":119,"column":null}},"type":"if","locations":[{"start":{"line":116,"column":6},"end":{"line":119,"column":null}},{"start":{},"end":{}}],"line":116},"4":{"loc":{"start":{"line":124,"column":4},"end":{"line":133,"column":null}},"type":"if","locations":[{"start":{"line":124,"column":4},"end":{"line":133,"column":null}},{"start":{"line":130,"column":11},"end":{"line":133,"column":null}}],"line":124},"5":{"loc":{"start":{"line":126,"column":33},"end":{"line":126,"column":62}},"type":"cond-expr","locations":[{"start":{"line":126,"column":50},"end":{"line":126,"column":58}},{"start":{"line":126,"column":58},"end":{"line":126,"column":62}}],"line":126},"6":{"loc":{"start":{"line":158,"column":4},"end":{"line":162,"column":null}},"type":"if","locations":[{"start":{"line":158,"column":4},"end":{"line":162,"column":null}},{"start":{"line":160,"column":11},"end":{"line":162,"column":null}}],"line":158},"7":{"loc":{"start":{"line":165,"column":33},"end":{"line":169,"column":null}},"type":"cond-expr","locations":[{"start":{"line":166,"column":8},"end":{"line":168,"column":null}},{"start":{"line":169,"column":8},"end":{"line":169,"column":null}}],"line":165},"8":{"loc":{"start":{"line":167,"column":104},"end":{"line":167,"column":165}},"type":"cond-expr","locations":[{"start":{"line":167,"column":123},"end":{"line":167,"column":163}},{"start":{"line":167,"column":163},"end":{"line":167,"column":165}}],"line":167},"9":{"loc":{"start":{"line":211,"column":13},"end":{"line":211,"column":null}},"type":"cond-expr","locations":[{"start":{"line":211,"column":38},"end":{"line":211,"column":54}},{"start":{"line":211,"column":54},"end":{"line":211,"column":null}}],"line":211},"10":{"loc":{"start":{"line":229,"column":2},"end":{"line":251,"column":null}},"type":"if","locations":[{"start":{"line":229,"column":2},"end":{"line":251,"column":null}},{"start":{},"end":{}}],"line":229},"11":{"loc":{"start":{"line":237,"column":4},"end":{"line":240,"column":null}},"type":"if","locations":[{"start":{"line":237,"column":4},"end":{"line":240,"column":null}},{"start":{},"end":{}}],"line":237},"12":{"loc":{"start":{"line":242,"column":4},"end":{"line":245,"column":null}},"type":"if","locations":[{"start":{"line":242,"column":4},"end":{"line":245,"column":null}},{"start":{},"end":{}}],"line":242},"13":{"loc":{"start":{"line":247,"column":4},"end":{"line":250,"column":null}},"type":"if","locations":[{"start":{"line":247,"column":4},"end":{"line":250,"column":null}},{"start":{},"end":{}}],"line":247},"14":{"loc":{"start":{"line":277,"column":2},"end":{"line":277,"column":116}},"type":"cond-expr","locations":[{"start":{"line":277,"column":32},"end":{"line":277,"column":114}},{"start":{"line":277,"column":114},"end":{"line":277,"column":116}}],"line":277}},"s":{"0":0,"1":0,"2":0,"3":0,"4":0,"5":0,"6":0,"7":0,"8":0,"9":0,"10":0,"11":0,"12":0,"13":0,"14":0,"15":0,"16":0,"17":0,"18":0,"19":0,"20":0,"21":0,"22":0,"23":0,"24":0,"25":0,"26":0,"27":0,"28":0,"29":0,"30":0,"31":0,"32":0,"33":0,"34":0,"35":0,"36":0,"37":0,"38":0,"39":0,"40":0,"41":0,"42":0,"43":0,"44":0,"45":0,"46":0,"47":0,"48":0,"49":0,"50":0,"51":0,"52":0,"53":0,"54":0,"55":0,"56":0,"57":0,"58":0,"59":0,"60":0,"61":0,"62":0,"63":0,"64":0,"65":0,"66":0,"67":0,"68":0,"69":0,"70":0,"71":0,"72":0,"73":0,"74":0,"75":0,"76":0,"77":0,"78":0,"79":0,"80":0,"81":0,"82":0,"83":0,"84":0,"85":0,"86":0,"87":0,"88":0},"f":{"0":0,"1":0,"2":0,"3":0,"4":0,"5":0,"6":0,"7":0,"8":0,"9":0},"b":{"0":[0,0],"1":[0,0],"2":[0,0],"3":[0,0],"4":[0,0],"5":[0,0],"6":[0,0],"7":[0,0],"8":[0,0],"9":[0,0],"10":[0,0],"11":[0,0],"12":[0,0],"13":[0,0],"14":[0,0]},"meta":{"lastBranch":15,"lastFunction":10,"lastStatement":89,"seen":{"f:55:22:55:Infinity":0,"s:58:8:58:Infinity":0,"s:59:2:59:Infinity":1,"s:61:31:67:Infinity":2,"s:69:2:139:Infinity":3,"s:71:4:71:Infinity":4,"b:72:4:74:Infinity:undefined:undefined:undefined:undefined":0,"s:72:4:74:Infinity":5,"s:73:6:73:Infinity":6,"s:77:27:80:Infinity":7,"s:82:4:90:Infinity":8,"s:83:22:85:Infinity":9,"b:86:6:89:Infinity:undefined:undefined:undefined:undefined":1,"s:86:6:89:Infinity":10,"s:87:8:87:Infinity":11,"s:88:8:88:Infinity":12,"s:93:23:95:Infinity":13,"s:97:4:105:Infinity":14,"s:98:22:100:Infinity":15,"b:101:6:104:Infinity:undefined:undefined:undefined:undefined":2,"s:101:6:104:Infinity":16,"s:102:8:102:Infinity":17,"s:103:8:103:Infinity":18,"s:108:23:110:Infinity":19,"s:112:4:120:Infinity":20,"s:113:22:115:Infinity":21,"b:116:6:119:Infinity:undefined:undefined:undefined:undefined":3,"s:116:6:119:Infinity":22,"s:117:8:117:Infinity":23,"s:118:8:118:Infinity":24,"s:122:4:122:Infinity":25,"b:124:4:133:Infinity:130:11:133:Infinity":4,"s:124:4:133:Infinity":26,"s:125:6:125:Infinity":27,"s:126:6:126:Infinity":28,"b:126:50:126:58:126:58:126:62":5,"s:127:6:127:Infinity":29,"s:128:6:128:Infinity":30,"s:129:6:129:Infinity":31,"s:131:6:131:Infinity":32,"s:132:6:132:Infinity":33,"s:135:4:135:Infinity":34,"s:137:4:137:Infinity":35,"s:138:4:138:Infinity":36,"f:142:22:142:Infinity":1,"s:148:8:148:Infinity":37,"s:149:2:149:Infinity":38,"s:151:2:214:Infinity":39,"s:153:29:153:Infinity":40,"s:155:4:155:Infinity":41,"b:158:4:162:Infinity:160:11:162:Infinity":6,"s:158:4:162:Infinity":42,"s:159:6:159:Infinity":43,"s:161:6:161:Infinity":44,"s:165:33:169:Infinity":45,"b:166:8:168:Infinity:169:8:169:Infinity":7,"f:167:15:167:16":2,"s:167:26:167:167":46,"b:167:123:167:163:167:163:167:165":8,"s:171:4:171:Infinity":47,"s:172:4:172:Infinity":48,"s:174:19:174:Infinity":49,"s:176:19:193:Infinity":50,"s:195:4:195:Infinity":51,"s:196:4:196:Infinity":52,"s:199:4:199:Infinity":53,"s:201:4:206:Infinity":54,"s:208:4:208:Infinity":55,"s:209:4:213:Infinity":56,"b:211:38:211:54:211:54:211:Infinity":9,"f:217:9:217:33":3,"s:218:2:218:Infinity":57,"s:220:2:220:Infinity":58,"s:221:2:221:Infinity":59,"s:222:2:222:Infinity":60,"s:223:2:223:Infinity":61,"s:225:2:225:Infinity":62,"s:226:2:226:Infinity":63,"s:227:2:227:Infinity":64,"b:229:2:251:Infinity:undefined:undefined:undefined:undefined":10,"s:229:2:251:Infinity":65,"s:230:4:230:Infinity":66,"s:233:25:233:Infinity":67,"f:233:51:233:52":4,"s:233:58:233:79":68,"s:234:27:234:Infinity":69,"f:234:53:234:54":5,"s:234:60:234:83":70,"s:235:24:235:Infinity":71,"f:235:50:235:51":6,"s:235:57:235:77":72,"b:237:4:240:Infinity:undefined:undefined:undefined:undefined":11,"s:237:4:240:Infinity":73,"s:238:6:238:Infinity":74,"s:239:6:239:Infinity":75,"b:242:4:245:Infinity:undefined:undefined:undefined:undefined":12,"s:242:4:245:Infinity":76,"s:243:6:243:Infinity":77,"s:244:6:244:Infinity":78,"b:247:4:250:Infinity:undefined:undefined:undefined:undefined":13,"s:247:4:250:Infinity":79,"s:248:6:248:Infinity":80,"s:249:6:249:Infinity":81,"f:254:9:254:29":7,"s:255:2:261:Infinity":82,"f:255:22:255:23":8,"s:256:4:256:Infinity":83,"s:257:4:257:Infinity":84,"s:258:4:258:Infinity":85,"s:259:4:259:Infinity":86,"s:260:4:260:Infinity":87,"f:264:16:264:41":9,"s:265:2:277:Infinity":88,"b:277:32:277:114:277:114:277:116":14}}}}}